c:\users\minhdat-pc\documents\visual studio 2017\projects\1512103_midterm\expense_manager\release\expense_manager.pch
c:\users\minhdat-pc\documents\visual studio 2017\projects\1512103_midterm\expense_manager\release\vc141.pdb
c:\users\minhdat-pc\documents\visual studio 2017\projects\1512103_midterm\expense_manager\release\stdafx.obj
c:\users\minhdat-pc\documents\visual studio 2017\projects\1512103_midterm\expense_manager\release\itemmodel.obj
c:\users\minhdat-pc\documents\visual studio 2017\projects\1512103_midterm\expense_manager\release\expense_manager.obj
c:\users\minhdat-pc\documents\visual studio 2017\projects\1512103_midterm\release\expense_manager.ipdb
c:\users\minhdat-pc\documents\visual studio 2017\projects\1512103_midterm\release\expense_manager.iobj
c:\users\minhdat-pc\documents\visual studio 2017\projects\1512103_midterm\release\expense_manager.exe
c:\users\minhdat-pc\documents\visual studio 2017\projects\1512103_midterm\release\expense_manager.pdb
c:\users\minhdat-pc\documents\visual studio 2017\projects\1512103_midterm\expense_manager\release\expense_manager.res
c:\users\minhdat-pc\documents\visual studio 2017\projects\1512103_midterm\expense_manager\release\expense_manager.tlog\cl.command.1.tlog
c:\users\minhdat-pc\documents\visual studio 2017\projects\1512103_midterm\expense_manager\release\expense_manager.tlog\cl.read.1.tlog
c:\users\minhdat-pc\documents\visual studio 2017\projects\1512103_midterm\expense_manager\release\expense_manager.tlog\cl.write.1.tlog
c:\users\minhdat-pc\documents\visual studio 2017\projects\1512103_midterm\expense_manager\release\expense_manager.tlog\expense_manager.write.1u.tlog
c:\users\minhdat-pc\documents\visual studio 2017\projects\1512103_midterm\expense_manager\release\expense_manager.tlog\link.command.1.tlog
c:\users\minhdat-pc\documents\visual studio 2017\projects\1512103_midterm\expense_manager\release\expense_manager.tlog\link.read.1.tlog
c:\users\minhdat-pc\documents\visual studio 2017\projects\1512103_midterm\expense_manager\release\expense_manager.tlog\link.write.1.tlog
c:\users\minhdat-pc\documents\visual studio 2017\projects\1512103_midterm\expense_manager\release\expense_manager.tlog\rc.command.1.tlog
c:\users\minhdat-pc\documents\visual studio 2017\projects\1512103_midterm\expense_manager\release\expense_manager.tlog\rc.read.1.tlog
c:\users\minhdat-pc\documents\visual studio 2017\projects\1512103_midterm\expense_manager\release\expense_manager.tlog\rc.write.1.tlog
